<?xml version="1.0" encoding="UTF-8"?>
<!-- Generated by org.testng.reporters.JUnitXMLReporter -->
<testsuite ignored="8" hostname="DESKTOP-TL1QD2K" failures="0" tests="3" name="desTest" time="3.097" errors="0" timestamp="2020-12-02T16:28:16 CET">
  <testcase classname="bstorm.akimt.demoTestNG.correction.des.LancerDesTest" name="testDCustom_BonusException_intervalle_inf" time="0.01"/>
  <testcase classname="bstorm.akimt.demoTestNG.correction.des.LancerDesTest" name="testDCustom_BonusException_intervalle_sup" time="0.001"/>
  <testcase classname="bstorm.akimt.demoTestNG.demoProg.DemoProgTest" name="testProgParam" time="0.004"/>
  <testcase classname="bstorm.akimt.demoTestNG.correction.des.LancerDesTest" name="testDCustom_NbrFaceException_strict_positif" time="0.0">
    <ignored/>
  </testcase> <!-- testDCustom_NbrFaceException_strict_positif -->
  <testcase classname="bstorm.akimt.demoTestNG.correction.des.LancerDesTest" name="testDCustom_NbrFaceException_pair" time="0.0">
    <ignored/>
  </testcase> <!-- testDCustom_NbrFaceException_pair -->
  <testcase classname="bstorm.akimt.demoTestNG.correction.des.LancerDesTest" name="testDCustom_NbrLancerException" time="0.0">
    <ignored/>
  </testcase> <!-- testDCustom_NbrLancerException -->
  <testcase classname="bstorm.akimt.demoTestNG.correction.des.LancerDesTest" name="testD4" time="0.0">
    <ignored/>
  </testcase> <!-- testD4 -->
  <testcase classname="bstorm.akimt.demoTestNG.correction.des.LancerDesTest" name="testDCustom" time="0.0">
    <ignored/>
  </testcase> <!-- testDCustom -->
  <testcase classname="bstorm.akimt.demoTestNG.correction.des.LancerDesTest" name="testD20" time="0.0">
    <ignored/>
  </testcase> <!-- testD20 -->
  <testcase classname="bstorm.akimt.demoTestNG.correction.des.LancerDesTest" name="testD100" time="0.0">
    <ignored/>
  </testcase> <!-- testD100 -->
  <testcase classname="bstorm.akimt.demoTestNG.correction.des.LancerDesTest" name="testD6" time="0.0">
    <ignored/>
  </testcase> <!-- testD6 -->
</testsuite> <!-- desTest -->
