<?xml version="1.0" encoding="UTF-8"?>
<testng-results ignored="8" total="11" passed="3" failed="0" skipped="0">
  <reporter-output>
  </reporter-output>
  <suite started-at="2020-12-02T16:28:13 CET" name="desSuite" finished-at="2020-12-02T16:28:16 CET" duration-ms="3097">
    <groups>
      <group name="spring">
        <method signature="LancerDesTest.testDCustom_BonusException_intervalle_inf()[pri:0, instance:bstorm.akimt.demoTestNG.correction.des.LancerDesTest@432038ec]" name="testDCustom_BonusException_intervalle_inf" class="bstorm.akimt.demoTestNG.correction.des.LancerDesTest"/>
        <method signature="LancerDesTest.testDCustom_BonusException_intervalle_sup()[pri:0, instance:bstorm.akimt.demoTestNG.correction.des.LancerDesTest@432038ec]" name="testDCustom_BonusException_intervalle_sup" class="bstorm.akimt.demoTestNG.correction.des.LancerDesTest"/>
      </group> <!-- spring -->
      <group name="demoProg">
        <method signature="DemoProgTest.testProgParam(int, int)[pri:0, instance:bstorm.akimt.demoTestNG.demoProg.DemoProgTest@7daa0fbd]" name="testProgParam" class="bstorm.akimt.demoTestNG.demoProg.DemoProgTest"/>
      </group> <!-- demoProg -->
      <group name="bonus">
        <method signature="LancerDesTest.testDCustom_BonusException_intervalle_inf()[pri:0, instance:bstorm.akimt.demoTestNG.correction.des.LancerDesTest@432038ec]" name="testDCustom_BonusException_intervalle_inf" class="bstorm.akimt.demoTestNG.correction.des.LancerDesTest"/>
        <method signature="LancerDesTest.testDCustom_BonusException_intervalle_sup()[pri:0, instance:bstorm.akimt.demoTestNG.correction.des.LancerDesTest@432038ec]" name="testDCustom_BonusException_intervalle_sup" class="bstorm.akimt.demoTestNG.correction.des.LancerDesTest"/>
      </group> <!-- bonus -->
      <group name="DCustom">
        <method signature="LancerDesTest.testDCustom_BonusException_intervalle_inf()[pri:0, instance:bstorm.akimt.demoTestNG.correction.des.LancerDesTest@432038ec]" name="testDCustom_BonusException_intervalle_inf" class="bstorm.akimt.demoTestNG.correction.des.LancerDesTest"/>
        <method signature="LancerDesTest.testDCustom_BonusException_intervalle_sup()[pri:0, instance:bstorm.akimt.demoTestNG.correction.des.LancerDesTest@432038ec]" name="testDCustom_BonusException_intervalle_sup" class="bstorm.akimt.demoTestNG.correction.des.LancerDesTest"/>
      </group> <!-- DCustom -->
    </groups>
    <test started-at="2020-12-02T16:28:13 CET" name="desTest" finished-at="2020-12-02T16:28:16 CET" duration-ms="3097">
      <class name="bstorm.akimt.demoTestNG.correction.des.LancerDesTest">
        <test-method is-config="true" signature="springTestContextBeforeTestClass()[pri:0, instance:bstorm.akimt.demoTestNG.correction.des.LancerDesTest@432038ec]" started-at="2020-12-02T16:28:13 CET" name="springTestContextBeforeTestClass" finished-at="2020-12-02T16:28:13 CET" duration-ms="62" status="PASS">
          <reporter-output>
          </reporter-output>
        </test-method> <!-- springTestContextBeforeTestClass -->
        <test-method is-config="true" signature="springTestContextPrepareTestInstance()[pri:0, instance:bstorm.akimt.demoTestNG.correction.des.LancerDesTest@432038ec]" started-at="2020-12-02T16:28:13 CET" name="springTestContextPrepareTestInstance" finished-at="2020-12-02T16:28:16 CET" depends-on-methods="org.springframework.test.context.testng.AbstractTestNGSpringContextTests.springTestContextBeforeTestClass" duration-ms="2895" status="PASS">
          <reporter-output>
          </reporter-output>
        </test-method> <!-- springTestContextPrepareTestInstance -->
        <test-method is-config="true" signature="springTestContextBeforeTestMethod(java.lang.reflect.Method)[pri:0, instance:bstorm.akimt.demoTestNG.correction.des.LancerDesTest@432038ec]" started-at="2020-12-02T16:28:16 CET" name="springTestContextBeforeTestMethod" finished-at="2020-12-02T16:28:16 CET" duration-ms="5" status="PASS">
          <params>
            <param index="0">
              <value>
                <![CDATA[public void bstorm.akimt.demoTestNG.correction.des.LancerDesTest.testDCustom_BonusException_intervalle_inf()]]>
              </value>
            </param>
          </params>
          <reporter-output>
          </reporter-output>
        </test-method> <!-- springTestContextBeforeTestMethod -->
        <test-method signature="testDCustom_BonusException_intervalle_inf()[pri:0, instance:bstorm.akimt.demoTestNG.correction.des.LancerDesTest@432038ec]" started-at="2020-12-02T16:28:16 CET" name="testDCustom_BonusException_intervalle_inf" finished-at="2020-12-02T16:28:16 CET" duration-ms="10" status="PASS">
          <exception class="bstorm.akimt.demoTestNG.correction.des.BonusException">
            <message>
              <![CDATA[Le bonus devrait être entre -20 et 20]]>
            </message>
            <full-stacktrace>
              <![CDATA[bstorm.akimt.demoTestNG.correction.des.BonusException: Le bonus devrait être entre -20 et 20
at bstorm.akimt.demoTestNG.correction.des.LancerDesImpl.DCustom(LancerDesImpl.java:40)
at bstorm.akimt.demoTestNG.correction.des.LancerDesTest.testDCustom_BonusException_intervalle_inf(LancerDesTest.java:62)
at java.base/jdk.internal.reflect.NativeMethodAccessorImpl.invoke0(Native Method)
at java.base/jdk.internal.reflect.NativeMethodAccessorImpl.invoke(NativeMethodAccessorImpl.java:62)
at java.base/jdk.internal.reflect.DelegatingMethodAccessorImpl.invoke(DelegatingMethodAccessorImpl.java:43)
at java.base/java.lang.reflect.Method.invoke(Method.java:566)
at org.testng.internal.MethodInvocationHelper.invokeMethod(MethodInvocationHelper.java:132)
at org.testng.internal.MethodInvocationHelper$1.runTestMethod(MethodInvocationHelper.java:238)
at org.springframework.test.context.testng.AbstractTestNGSpringContextTests.run(AbstractTestNGSpringContextTests.java:181)
at org.testng.internal.MethodInvocationHelper.invokeHookable(MethodInvocationHelper.java:252)
at org.testng.internal.TestInvoker.invokeMethod(TestInvoker.java:595)
at org.testng.internal.TestInvoker.invokeTestMethod(TestInvoker.java:174)
at org.testng.internal.MethodRunner.runInSequence(MethodRunner.java:46)
at org.testng.internal.TestInvoker$MethodInvocationAgent.invoke(TestInvoker.java:822)
at org.testng.internal.TestInvoker.invokeTestMethods(TestInvoker.java:147)
at org.testng.internal.TestMethodWorker.invokeTestMethods(TestMethodWorker.java:146)
at org.testng.internal.TestMethodWorker.run(TestMethodWorker.java:128)
at java.base/java.util.ArrayList.forEach(ArrayList.java:1540)
at org.testng.TestRunner.privateRun(TestRunner.java:764)
at org.testng.TestRunner.run(TestRunner.java:585)
at org.testng.SuiteRunner.runTest(SuiteRunner.java:384)
at org.testng.SuiteRunner.runSequentially(SuiteRunner.java:378)
at org.testng.SuiteRunner.privateRun(SuiteRunner.java:337)
at org.testng.SuiteRunner.run(SuiteRunner.java:286)
at org.testng.SuiteRunnerWorker.runSuite(SuiteRunnerWorker.java:53)
at org.testng.SuiteRunnerWorker.run(SuiteRunnerWorker.java:96)
at org.testng.TestNG.runSuitesSequentially(TestNG.java:1218)
at org.testng.TestNG.runSuitesLocally(TestNG.java:1140)
at org.testng.TestNG.runSuites(TestNG.java:1069)
at org.testng.TestNG.run(TestNG.java:1037)
at bstorm.akimt.demoTestNG.demoProg.ProgTestLauncher.main(ProgTestLauncher.java:53)
]]>
            </full-stacktrace>
          </exception> <!-- bstorm.akimt.demoTestNG.correction.des.BonusException -->
          <reporter-output>
          </reporter-output>
        </test-method> <!-- testDCustom_BonusException_intervalle_inf -->
        <test-method is-config="true" signature="springTestContextAfterTestMethod(java.lang.reflect.Method)[pri:0, instance:bstorm.akimt.demoTestNG.correction.des.LancerDesTest@432038ec]" started-at="2020-12-02T16:28:16 CET" name="springTestContextAfterTestMethod" finished-at="2020-12-02T16:28:16 CET" duration-ms="1" status="PASS">
          <params>
            <param index="0">
              <value>
                <![CDATA[public void bstorm.akimt.demoTestNG.correction.des.LancerDesTest.testDCustom_BonusException_intervalle_inf()]]>
              </value>
            </param>
          </params>
          <reporter-output>
          </reporter-output>
        </test-method> <!-- springTestContextAfterTestMethod -->
        <test-method is-config="true" signature="springTestContextBeforeTestMethod(java.lang.reflect.Method)[pri:0, instance:bstorm.akimt.demoTestNG.correction.des.LancerDesTest@432038ec]" started-at="2020-12-02T16:28:16 CET" name="springTestContextBeforeTestMethod" finished-at="2020-12-02T16:28:16 CET" duration-ms="3" status="PASS">
          <params>
            <param index="0">
              <value>
                <![CDATA[public void bstorm.akimt.demoTestNG.correction.des.LancerDesTest.testDCustom_BonusException_intervalle_sup()]]>
              </value>
            </param>
          </params>
          <reporter-output>
          </reporter-output>
        </test-method> <!-- springTestContextBeforeTestMethod -->
        <test-method signature="testDCustom_BonusException_intervalle_sup()[pri:0, instance:bstorm.akimt.demoTestNG.correction.des.LancerDesTest@432038ec]" started-at="2020-12-02T16:28:16 CET" name="testDCustom_BonusException_intervalle_sup" finished-at="2020-12-02T16:28:16 CET" duration-ms="1" status="PASS">
          <exception class="bstorm.akimt.demoTestNG.correction.des.BonusException">
            <message>
              <![CDATA[Le bonus devrait être entre -20 et 20]]>
            </message>
            <full-stacktrace>
              <![CDATA[bstorm.akimt.demoTestNG.correction.des.BonusException: Le bonus devrait être entre -20 et 20
at bstorm.akimt.demoTestNG.correction.des.LancerDesImpl.DCustom(LancerDesImpl.java:40)
at bstorm.akimt.demoTestNG.correction.des.LancerDesTest.testDCustom_BonusException_intervalle_sup(LancerDesTest.java:67)
at java.base/jdk.internal.reflect.NativeMethodAccessorImpl.invoke0(Native Method)
at java.base/jdk.internal.reflect.NativeMethodAccessorImpl.invoke(NativeMethodAccessorImpl.java:62)
at java.base/jdk.internal.reflect.DelegatingMethodAccessorImpl.invoke(DelegatingMethodAccessorImpl.java:43)
at java.base/java.lang.reflect.Method.invoke(Method.java:566)
at org.testng.internal.MethodInvocationHelper.invokeMethod(MethodInvocationHelper.java:132)
at org.testng.internal.MethodInvocationHelper$1.runTestMethod(MethodInvocationHelper.java:238)
at org.springframework.test.context.testng.AbstractTestNGSpringContextTests.run(AbstractTestNGSpringContextTests.java:181)
at org.testng.internal.MethodInvocationHelper.invokeHookable(MethodInvocationHelper.java:252)
at org.testng.internal.TestInvoker.invokeMethod(TestInvoker.java:595)
at org.testng.internal.TestInvoker.invokeTestMethod(TestInvoker.java:174)
at org.testng.internal.MethodRunner.runInSequence(MethodRunner.java:46)
at org.testng.internal.TestInvoker$MethodInvocationAgent.invoke(TestInvoker.java:822)
at org.testng.internal.TestInvoker.invokeTestMethods(TestInvoker.java:147)
at org.testng.internal.TestMethodWorker.invokeTestMethods(TestMethodWorker.java:146)
at org.testng.internal.TestMethodWorker.run(TestMethodWorker.java:128)
at java.base/java.util.ArrayList.forEach(ArrayList.java:1540)
at org.testng.TestRunner.privateRun(TestRunner.java:764)
at org.testng.TestRunner.run(TestRunner.java:585)
at org.testng.SuiteRunner.runTest(SuiteRunner.java:384)
at org.testng.SuiteRunner.runSequentially(SuiteRunner.java:378)
at org.testng.SuiteRunner.privateRun(SuiteRunner.java:337)
at org.testng.SuiteRunner.run(SuiteRunner.java:286)
at org.testng.SuiteRunnerWorker.runSuite(SuiteRunnerWorker.java:53)
at org.testng.SuiteRunnerWorker.run(SuiteRunnerWorker.java:96)
at org.testng.TestNG.runSuitesSequentially(TestNG.java:1218)
at org.testng.TestNG.runSuitesLocally(TestNG.java:1140)
at org.testng.TestNG.runSuites(TestNG.java:1069)
at org.testng.TestNG.run(TestNG.java:1037)
at bstorm.akimt.demoTestNG.demoProg.ProgTestLauncher.main(ProgTestLauncher.java:53)
]]>
            </full-stacktrace>
          </exception> <!-- bstorm.akimt.demoTestNG.correction.des.BonusException -->
          <reporter-output>
          </reporter-output>
        </test-method> <!-- testDCustom_BonusException_intervalle_sup -->
        <test-method is-config="true" signature="springTestContextAfterTestMethod(java.lang.reflect.Method)[pri:0, instance:bstorm.akimt.demoTestNG.correction.des.LancerDesTest@432038ec]" started-at="2020-12-02T16:28:16 CET" name="springTestContextAfterTestMethod" finished-at="2020-12-02T16:28:16 CET" duration-ms="1" status="PASS">
          <params>
            <param index="0">
              <value>
                <![CDATA[public void bstorm.akimt.demoTestNG.correction.des.LancerDesTest.testDCustom_BonusException_intervalle_sup()]]>
              </value>
            </param>
          </params>
          <reporter-output>
          </reporter-output>
        </test-method> <!-- springTestContextAfterTestMethod -->
        <test-method is-config="true" signature="springTestContextAfterTestClass()[pri:0, instance:bstorm.akimt.demoTestNG.correction.des.LancerDesTest@432038ec]" started-at="2020-12-02T16:28:16 CET" name="springTestContextAfterTestClass" finished-at="2020-12-02T16:28:16 CET" duration-ms="2" status="PASS">
          <reporter-output>
          </reporter-output>
        </test-method> <!-- springTestContextAfterTestClass -->
      </class> <!-- bstorm.akimt.demoTestNG.correction.des.LancerDesTest -->
      <class name="bstorm.akimt.demoTestNG.demoProg.DemoProgTest">
        <test-method signature="testProgParam(int, int)[pri:0, instance:bstorm.akimt.demoTestNG.demoProg.DemoProgTest@7daa0fbd]" started-at="2020-12-02T16:28:16 CET" name="testProgParam" finished-at="2020-12-02T16:28:16 CET" duration-ms="4" status="PASS">
          <params>
            <param index="0">
              <value>
                <![CDATA[2]]>
              </value>
            </param>
            <param index="1">
              <value>
                <![CDATA[3]]>
              </value>
            </param>
          </params>
          <reporter-output>
          </reporter-output>
        </test-method> <!-- testProgParam -->
      </class> <!-- bstorm.akimt.demoTestNG.demoProg.DemoProgTest -->
    </test> <!-- desTest -->
  </suite> <!-- desSuite -->
</testng-results>
